<?xml version="1.0" encoding="UTF-8"?>
<robot generator="Robot 6.1.1 (Python 3.13.0 on win32)" generated="20241114 12:50:06.623" rpa="false" schemaversion="4">
<suite id="s1" name="Tests" source="C:\Users\annik\OneDrive\Belgeler\kurssit\ohjelmistotuotanto\palautus\palautusrepo\osa3\hello-robot\src\tests">
<suite id="s1-s1" name="Increase Counter" source="C:\Users\annik\OneDrive\Belgeler\kurssit\ohjelmistotuotanto\palautus\palautusrepo\osa3\hello-robot\src\tests\increase_counter.robot">
<test id="s1-s1-t1" name="Increase Counter Once" line="6">
<kw name="Counter Value Should Be" library="CounterLibrary">
<arg>0</arg>
<status status="PASS" starttime="20241114 12:50:06.686" endtime="20241114 12:50:06.686"/>
</kw>
<kw name="Increase Counter" library="CounterLibrary">
<status status="PASS" starttime="20241114 12:50:06.686" endtime="20241114 12:50:06.687"/>
</kw>
<kw name="Counter Value Should Be" library="CounterLibrary">
<arg>1</arg>
<status status="PASS" starttime="20241114 12:50:06.687" endtime="20241114 12:50:06.687"/>
</kw>
<status status="PASS" starttime="20241114 12:50:06.685" endtime="20241114 12:50:06.687"/>
</test>
<test id="s1-s1-t2" name="Increase Counter Many Times" line="11">
<kw name="Counter Value Should Be" library="CounterLibrary">
<arg>0</arg>
<status status="PASS" starttime="20241114 12:50:06.688" endtime="20241114 12:50:06.688"/>
</kw>
<kw name="Increase Counter" library="CounterLibrary">
<status status="PASS" starttime="20241114 12:50:06.688" endtime="20241114 12:50:06.688"/>
</kw>
<kw name="Increase Counter" library="CounterLibrary">
<status status="PASS" starttime="20241114 12:50:06.688" endtime="20241114 12:50:06.689"/>
</kw>
<kw name="Increase Counter" library="CounterLibrary">
<status status="PASS" starttime="20241114 12:50:06.689" endtime="20241114 12:50:06.689"/>
</kw>
<kw name="Counter Value Should Be" library="CounterLibrary">
<arg>3</arg>
<status status="PASS" starttime="20241114 12:50:06.689" endtime="20241114 12:50:06.689"/>
</kw>
<status status="PASS" starttime="20241114 12:50:06.687" endtime="20241114 12:50:06.689"/>
</test>
<test id="s1-s1-t3" name="Increment Counter By Amount" line="18">
<kw name="Counter Value Should Be" library="CounterLibrary">
<arg>0</arg>
<status status="PASS" starttime="20241114 12:50:06.690" endtime="20241114 12:50:06.690"/>
</kw>
<kw name="Increment Counter By" library="CounterLibrary">
<arg>5</arg>
<status status="PASS" starttime="20241114 12:50:06.690" endtime="20241114 12:50:06.690"/>
</kw>
<kw name="Counter Value Should Be" library="CounterLibrary">
<arg>5</arg>
<status status="PASS" starttime="20241114 12:50:06.690" endtime="20241114 12:50:06.690"/>
</kw>
<status status="PASS" starttime="20241114 12:50:06.689" endtime="20241114 12:50:06.690"/>
</test>
<test id="s1-s1-t4" name="Reset Counter After One Increment" line="23">
<kw name="Counter Value Should Be" library="CounterLibrary">
<arg>0</arg>
<status status="PASS" starttime="20241114 12:50:06.691" endtime="20241114 12:50:06.691"/>
</kw>
<kw name="Increase Counter" library="CounterLibrary">
<status status="PASS" starttime="20241114 12:50:06.691" endtime="20241114 12:50:06.691"/>
</kw>
<kw name="Counter Value Should Be" library="CounterLibrary">
<arg>1</arg>
<status status="PASS" starttime="20241114 12:50:06.691" endtime="20241114 12:50:06.691"/>
</kw>
<kw name="Reset Counter" library="CounterLibrary">
<status status="PASS" starttime="20241114 12:50:06.692" endtime="20241114 12:50:06.692"/>
</kw>
<kw name="Counter Value Should Be" library="CounterLibrary">
<arg>0</arg>
<status status="PASS" starttime="20241114 12:50:06.692" endtime="20241114 12:50:06.692"/>
</kw>
<status status="PASS" starttime="20241114 12:50:06.691" endtime="20241114 12:50:06.692"/>
</test>
<test id="s1-s1-t5" name="Reset Counter After Several Increments" line="30">
<kw name="Counter Value Should Be" library="CounterLibrary">
<arg>0</arg>
<status status="PASS" starttime="20241114 12:50:06.692" endtime="20241114 12:50:06.693"/>
</kw>
<kw name="Increment Counter By" library="CounterLibrary">
<arg>5</arg>
<status status="PASS" starttime="20241114 12:50:06.693" endtime="20241114 12:50:06.693"/>
</kw>
<kw name="Counter Value Should Be" library="CounterLibrary">
<arg>5</arg>
<status status="PASS" starttime="20241114 12:50:06.693" endtime="20241114 12:50:06.693"/>
</kw>
<kw name="Reset Counter" library="CounterLibrary">
<status status="PASS" starttime="20241114 12:50:06.693" endtime="20241114 12:50:06.693"/>
</kw>
<kw name="Counter Value Should Be" library="CounterLibrary">
<arg>0</arg>
<status status="PASS" starttime="20241114 12:50:06.693" endtime="20241114 12:50:06.693"/>
</kw>
<status status="PASS" starttime="20241114 12:50:06.692" endtime="20241114 12:50:06.693"/>
</test>
<status status="PASS" starttime="20241114 12:50:06.672" endtime="20241114 12:50:06.694"/>
</suite>
<status status="PASS" starttime="20241114 12:50:06.626" endtime="20241114 12:50:06.695"/>
</suite>
<statistics>
<total>
<stat pass="5" fail="0" skip="0">All Tests</stat>
</total>
<tag>
</tag>
<suite>
<stat pass="5" fail="0" skip="0" id="s1" name="Tests">Tests</stat>
<stat pass="5" fail="0" skip="0" id="s1-s1" name="Increase Counter">Tests.Increase Counter</stat>
</suite>
</statistics>
<errors>
<msg timestamp="20241114 12:50:06.611" level="ERROR">Error in file 'C:\Users\annik\OneDrive\Belgeler\kurssit\ohjelmistotuotanto\palautus\palautusrepo\osa3\hello-robot\src\tests\increase_counter.robot' on line 3: Non-existing setting 'Library ../CounterLibrary.py'.</msg>
</errors>
</robot>
