<?xml version="1.0" encoding="UTF-8"?>
<robot generator="Robot 7.1.1 (Python 3.13.0 on win32)" generated="2024-11-20T13:17:17.161498" rpa="false" schemaversion="5">
<suite id="s1" name="Tests" source="C:\Users\annik\OneDrive\Belgeler\kurssit\ohjelmistotuotanto\palautus\palautusrepo\osa3\login-robot\src\tests">
<suite id="s1-s1" name="Login" source="C:\Users\annik\OneDrive\Belgeler\kurssit\ohjelmistotuotanto\palautus\palautusrepo\osa3\login-robot\src\tests\login.robot">
<test id="s1-s1-t1" name="Login With Correct Credentials" line="9">
<kw name="Create User And Input Login Command" type="SETUP">
<kw name="Create User" owner="AppLibrary">
<msg time="2024-11-20T13:17:17.225408" level="INFO">Valid username
Valid password
Registered</msg>
<arg>kalle</arg>
<arg>kallekallela123</arg>
<status status="PASS" start="2024-11-20T13:17:17.225056" elapsed="0.000425"/>
</kw>
<kw name="Input Login Command" owner="resource">
<kw name="Input" owner="AppLibrary">
<arg>login</arg>
<status status="PASS" start="2024-11-20T13:17:17.225896" elapsed="0.000129"/>
</kw>
<status status="PASS" start="2024-11-20T13:17:17.225665" elapsed="0.000448"/>
</kw>
<status status="PASS" start="2024-11-20T13:17:17.224078" elapsed="0.002088"/>
</kw>
<kw name="Input Credentials" owner="resource">
<kw name="Input" owner="AppLibrary">
<arg>${username}</arg>
<status status="PASS" start="2024-11-20T13:17:17.226551" elapsed="0.000132"/>
</kw>
<kw name="Input" owner="AppLibrary">
<arg>${password}</arg>
<status status="PASS" start="2024-11-20T13:17:17.226780" elapsed="0.000121"/>
</kw>
<kw name="Run Application" owner="AppLibrary">
<status status="PASS" start="2024-11-20T13:17:17.226985" elapsed="0.000091"/>
</kw>
<arg>kalle</arg>
<arg>kalle123</arg>
<status status="PASS" start="2024-11-20T13:17:17.226316" elapsed="0.000809"/>
</kw>
<status status="PASS" start="2024-11-20T13:17:17.223035" elapsed="0.004200"/>
</test>
<test id="s1-s1-t2" name="Login With Incorrect Password" line="13">
<kw name="Create User And Input Login Command" type="SETUP">
<kw name="Create User" owner="AppLibrary">
<msg time="2024-11-20T13:17:17.228379" level="INFO">Valid username
Valid password
Registered</msg>
<arg>kalle</arg>
<arg>kallekallela123</arg>
<status status="PASS" start="2024-11-20T13:17:17.228191" elapsed="0.000278"/>
</kw>
<kw name="Input Login Command" owner="resource">
<kw name="Input" owner="AppLibrary">
<arg>login</arg>
<status status="PASS" start="2024-11-20T13:17:17.228814" elapsed="0.000107"/>
</kw>
<status status="PASS" start="2024-11-20T13:17:17.228612" elapsed="0.000366"/>
</kw>
<status status="PASS" start="2024-11-20T13:17:17.227902" elapsed="0.001120"/>
</kw>
<kw name="Input Credentials" owner="resource">
<kw name="Input" owner="AppLibrary">
<arg>${username}</arg>
<status status="PASS" start="2024-11-20T13:17:17.229432" elapsed="0.000151"/>
</kw>
<kw name="Input" owner="AppLibrary">
<arg>${password}</arg>
<status status="PASS" start="2024-11-20T13:17:17.229667" elapsed="0.000108"/>
</kw>
<kw name="Run Application" owner="AppLibrary">
<status status="PASS" start="2024-11-20T13:17:17.229866" elapsed="0.000089"/>
</kw>
<arg>kalle</arg>
<arg>kissa</arg>
<status status="PASS" start="2024-11-20T13:17:17.229149" elapsed="0.000853"/>
</kw>
<kw name="Output Should Contain" owner="AppLibrary">
<arg>Invalid username or password</arg>
<status status="PASS" start="2024-11-20T13:17:17.230094" elapsed="0.000092"/>
</kw>
<status status="PASS" start="2024-11-20T13:17:17.227466" elapsed="0.002843"/>
</test>
<test id="s1-s1-t3" name="Login With Nonexistent Username" line="17">
<kw name="Create User And Input Login Command" type="SETUP">
<kw name="Create User" owner="AppLibrary">
<msg time="2024-11-20T13:17:17.231142" level="INFO">Valid username
Valid password
Registered</msg>
<arg>kalle</arg>
<arg>kallekallela123</arg>
<status status="PASS" start="2024-11-20T13:17:17.231027" elapsed="0.000157"/>
</kw>
<kw name="Input Login Command" owner="resource">
<kw name="Input" owner="AppLibrary">
<arg>login</arg>
<status status="PASS" start="2024-11-20T13:17:17.231471" elapsed="0.000085"/>
</kw>
<status status="PASS" start="2024-11-20T13:17:17.231300" elapsed="0.000309"/>
</kw>
<status status="PASS" start="2024-11-20T13:17:17.230808" elapsed="0.000841"/>
</kw>
<kw name="Input Credentials" owner="resource">
<kw name="Input" owner="AppLibrary">
<arg>${username}</arg>
<status status="PASS" start="2024-11-20T13:17:17.231985" elapsed="0.000111"/>
</kw>
<kw name="Input" owner="AppLibrary">
<arg>${password}</arg>
<status status="PASS" start="2024-11-20T13:17:17.232175" elapsed="0.000104"/>
</kw>
<kw name="Run Application" owner="AppLibrary">
<status status="PASS" start="2024-11-20T13:17:17.232358" elapsed="0.000078"/>
</kw>
<arg>kissa</arg>
<arg>kalle123</arg>
<status status="PASS" start="2024-11-20T13:17:17.231762" elapsed="0.000720"/>
</kw>
<kw name="Output Should Contain" owner="AppLibrary">
<arg>Invalid username or password</arg>
<status status="PASS" start="2024-11-20T13:17:17.232561" elapsed="0.000080"/>
</kw>
<status status="PASS" start="2024-11-20T13:17:17.230521" elapsed="0.002208"/>
</test>
<status status="PASS" start="2024-11-20T13:17:17.204973" elapsed="0.028140"/>
</suite>
<suite id="s1-s2" name="Register" source="C:\Users\annik\OneDrive\Belgeler\kurssit\ohjelmistotuotanto\palautus\palautusrepo\osa3\login-robot\src\tests\register.robot">
<test id="s1-s2-t1" name="Register With Valid Username And Password" line="10">
<kw name="Create User And Input Login Command" type="SETUP">
<kw name="Create User" owner="AppLibrary">
<msg time="2024-11-20T13:17:17.238077" level="INFO">Valid username
Valid password
Registered</msg>
<arg>kalle</arg>
<arg>kallekallela123</arg>
<status status="PASS" start="2024-11-20T13:17:17.237932" elapsed="0.000193"/>
</kw>
<kw name="Input Login Command" owner="resource">
<kw name="Input" owner="AppLibrary">
<arg>login</arg>
<status status="PASS" start="2024-11-20T13:17:17.238452" elapsed="0.000086"/>
</kw>
<status status="PASS" start="2024-11-20T13:17:17.238259" elapsed="0.000336"/>
</kw>
<status status="PASS" start="2024-11-20T13:17:17.237217" elapsed="0.001421"/>
</kw>
<kw name="Input Credentials" owner="resource">
<kw name="Input" owner="AppLibrary">
<arg>${username}</arg>
<status status="PASS" start="2024-11-20T13:17:17.238988" elapsed="0.000111"/>
</kw>
<kw name="Input" owner="AppLibrary">
<arg>${password}</arg>
<status status="PASS" start="2024-11-20T13:17:17.239179" elapsed="0.000102"/>
</kw>
<kw name="Run Application" owner="AppLibrary">
<status status="PASS" start="2024-11-20T13:17:17.239360" elapsed="0.000077"/>
</kw>
<arg>kissa</arg>
<arg>koirakoira3</arg>
<status status="PASS" start="2024-11-20T13:17:17.238758" elapsed="0.000725"/>
</kw>
<status status="PASS" start="2024-11-20T13:17:17.236733" elapsed="0.002841"/>
</test>
<test id="s1-s2-t2" name="Register With Already Taken Username And Valid Password" line="13">
<kw name="Create User And Input Login Command" type="SETUP">
<kw name="Create User" owner="AppLibrary">
<msg time="2024-11-20T13:17:17.240912" level="INFO">Valid username
Valid password
Registered</msg>
<arg>kalle</arg>
<arg>kallekallela123</arg>
<status status="PASS" start="2024-11-20T13:17:17.240726" elapsed="0.000256"/>
</kw>
<kw name="Input Login Command" owner="resource">
<kw name="Input" owner="AppLibrary">
<arg>login</arg>
<status status="PASS" start="2024-11-20T13:17:17.241666" elapsed="0.000136"/>
</kw>
<status status="PASS" start="2024-11-20T13:17:17.241164" elapsed="0.000743"/>
</kw>
<status status="PASS" start="2024-11-20T13:17:17.240444" elapsed="0.001535"/>
</kw>
<kw name="Input Credentials" owner="resource">
<kw name="Input" owner="AppLibrary">
<arg>${username}</arg>
<status status="PASS" start="2024-11-20T13:17:17.242801" elapsed="0.000536"/>
</kw>
<kw name="Input" owner="AppLibrary">
<arg>${password}</arg>
<status status="PASS" start="2024-11-20T13:17:17.243491" elapsed="0.000176"/>
</kw>
<kw name="Run Application" owner="AppLibrary">
<status status="PASS" start="2024-11-20T13:17:17.243796" elapsed="0.000227"/>
</kw>
<arg>kissa</arg>
<arg>koirakoira3</arg>
<status status="PASS" start="2024-11-20T13:17:17.242431" elapsed="0.001800"/>
</kw>
<status status="PASS" start="2024-11-20T13:17:17.239772" elapsed="0.004571"/>
</test>
<test id="s1-s2-t3" name="Register With Too Short Username And Valid Password" line="16">
<kw name="Create User And Input Login Command" type="SETUP">
<kw name="Create User" owner="AppLibrary">
<msg time="2024-11-20T13:17:17.245542" level="INFO">Valid username
Valid password
Registered</msg>
<arg>kalle</arg>
<arg>kallekallela123</arg>
<status status="PASS" start="2024-11-20T13:17:17.245373" elapsed="0.000224"/>
</kw>
<kw name="Input Login Command" owner="resource">
<kw name="Input" owner="AppLibrary">
<arg>login</arg>
<status status="PASS" start="2024-11-20T13:17:17.246007" elapsed="0.000124"/>
</kw>
<status status="PASS" start="2024-11-20T13:17:17.245754" elapsed="0.000461"/>
</kw>
<status status="PASS" start="2024-11-20T13:17:17.245125" elapsed="0.001158"/>
</kw>
<kw name="Input Credentials" owner="resource">
<kw name="Input" owner="AppLibrary">
<arg>${username}</arg>
<status status="PASS" start="2024-11-20T13:17:17.246788" elapsed="0.000192"/>
</kw>
<kw name="Input" owner="AppLibrary">
<arg>${password}</arg>
<status status="PASS" start="2024-11-20T13:17:17.247086" elapsed="0.000117"/>
</kw>
<kw name="Run Application" owner="AppLibrary">
<status status="PASS" start="2024-11-20T13:17:17.247286" elapsed="0.000079"/>
</kw>
<arg>ma</arg>
<arg>kallekallela123</arg>
<status status="PASS" start="2024-11-20T13:17:17.246458" elapsed="0.000955"/>
</kw>
<status status="PASS" start="2024-11-20T13:17:17.244639" elapsed="0.002867"/>
</test>
<test id="s1-s2-t4" name="Register With Enough Long But Invalid Username And Valid Password" line="19">
<kw name="Create User And Input Login Command" type="SETUP">
<kw name="Create User" owner="AppLibrary">
<msg time="2024-11-20T13:17:17.248669" level="INFO">Valid username
Valid password
Registered</msg>
<arg>kalle</arg>
<arg>kallekallela123</arg>
<status status="PASS" start="2024-11-20T13:17:17.248514" elapsed="0.000237"/>
</kw>
<kw name="Input Login Command" owner="resource">
<kw name="Input" owner="AppLibrary">
<arg>login</arg>
<status status="PASS" start="2024-11-20T13:17:17.249164" elapsed="0.000136"/>
</kw>
<status status="PASS" start="2024-11-20T13:17:17.248937" elapsed="0.000436"/>
</kw>
<status status="PASS" start="2024-11-20T13:17:17.248229" elapsed="0.001187"/>
</kw>
<kw name="Input Credentials" owner="resource">
<kw name="Input" owner="AppLibrary">
<arg>${username}</arg>
<status status="PASS" start="2024-11-20T13:17:17.249772" elapsed="0.000112"/>
</kw>
<kw name="Input" owner="AppLibrary">
<arg>${password}</arg>
<status status="PASS" start="2024-11-20T13:17:17.249963" elapsed="0.000105"/>
</kw>
<kw name="Run Application" owner="AppLibrary">
<status status="PASS" start="2024-11-20T13:17:17.250143" elapsed="0.000078"/>
</kw>
<arg>matti12</arg>
<arg>kallekallela123</arg>
<status status="PASS" start="2024-11-20T13:17:17.249539" elapsed="0.000729"/>
</kw>
<status status="PASS" start="2024-11-20T13:17:17.247751" elapsed="0.002637"/>
</test>
<test id="s1-s2-t5" name="Register With Valid Username And Too Short Password" line="22">
<kw name="Create User And Input Login Command" type="SETUP">
<kw name="Create User" owner="AppLibrary">
<msg time="2024-11-20T13:17:17.251578" level="INFO">Valid username
Valid password
Registered</msg>
<arg>kalle</arg>
<arg>kallekallela123</arg>
<status status="PASS" start="2024-11-20T13:17:17.251370" elapsed="0.000280"/>
</kw>
<kw name="Input Login Command" owner="resource">
<kw name="Input" owner="AppLibrary">
<arg>login</arg>
<status status="PASS" start="2024-11-20T13:17:17.251984" elapsed="0.000086"/>
</kw>
<status status="PASS" start="2024-11-20T13:17:17.251799" elapsed="0.000324"/>
</kw>
<status status="PASS" start="2024-11-20T13:17:17.251100" elapsed="0.001065"/>
</kw>
<kw name="Input Credentials" owner="resource">
<kw name="Input" owner="AppLibrary">
<arg>${username}</arg>
<status status="PASS" start="2024-11-20T13:17:17.252495" elapsed="0.000111"/>
</kw>
<kw name="Input" owner="AppLibrary">
<arg>${password}</arg>
<status status="PASS" start="2024-11-20T13:17:17.252713" elapsed="0.000107"/>
</kw>
<kw name="Run Application" owner="AppLibrary">
<status status="PASS" start="2024-11-20T13:17:17.252896" elapsed="0.000081"/>
</kw>
<arg>matti</arg>
<arg>kala</arg>
<status status="PASS" start="2024-11-20T13:17:17.252280" elapsed="0.000743"/>
</kw>
<status status="PASS" start="2024-11-20T13:17:17.250636" elapsed="0.002479"/>
</test>
<test id="s1-s2-t6" name="Register With Valid Username And Long Enough Password Containing Only Letters" line="25">
<kw name="Create User And Input Login Command" type="SETUP">
<kw name="Create User" owner="AppLibrary">
<msg time="2024-11-20T13:17:17.254366" level="INFO">Valid username
Valid password
Registered</msg>
<arg>kalle</arg>
<arg>kallekallela123</arg>
<status status="PASS" start="2024-11-20T13:17:17.254198" elapsed="0.000238"/>
</kw>
<kw name="Input Login Command" owner="resource">
<kw name="Input" owner="AppLibrary">
<arg>login</arg>
<status status="PASS" start="2024-11-20T13:17:17.254744" elapsed="0.000083"/>
</kw>
<status status="PASS" start="2024-11-20T13:17:17.254561" elapsed="0.000321"/>
</kw>
<status status="PASS" start="2024-11-20T13:17:17.253906" elapsed="0.001017"/>
</kw>
<kw name="Input Credentials" owner="resource">
<kw name="Input" owner="AppLibrary">
<arg>${username}</arg>
<status status="PASS" start="2024-11-20T13:17:17.255244" elapsed="0.000353"/>
</kw>
<kw name="Input" owner="AppLibrary">
<arg>${password}</arg>
<status status="PASS" start="2024-11-20T13:17:17.255739" elapsed="0.000161"/>
</kw>
<kw name="Run Application" owner="AppLibrary">
<status status="PASS" start="2024-11-20T13:17:17.255988" elapsed="0.000083"/>
</kw>
<arg>matti</arg>
<arg>mattimattimatti</arg>
<status status="PASS" start="2024-11-20T13:17:17.255036" elapsed="0.001084"/>
</kw>
<status status="PASS" start="2024-11-20T13:17:17.253365" elapsed="0.002849"/>
</test>
<status status="PASS" start="2024-11-20T13:17:17.233506" elapsed="0.022989"/>
</suite>
<status status="PASS" start="2024-11-20T13:17:17.164875" elapsed="0.092079"/>
</suite>
<statistics>
<total>
<stat pass="9" fail="0" skip="0">All Tests</stat>
</total>
<tag>
</tag>
<suite>
<stat pass="9" fail="0" skip="0" id="s1" name="Tests">Tests</stat>
<stat pass="3" fail="0" skip="0" id="s1-s1" name="Login">Tests.Login</stat>
<stat pass="6" fail="0" skip="0" id="s1-s2" name="Register">Tests.Register</stat>
</suite>
</statistics>
<errors>
<msg time="2024-11-20T13:17:17.147896" level="ERROR">Error in file 'C:\Users\annik\OneDrive\Belgeler\kurssit\ohjelmistotuotanto\palautus\palautusrepo\osa3\login-robot\src\tests\login.robot' on line 4: Non-existing setting 'from entities.user import User'.</msg>
<msg time="2024-11-20T13:17:17.150158" level="ERROR">Error in file 'C:\Users\annik\OneDrive\Belgeler\kurssit\ohjelmistotuotanto\palautus\palautusrepo\osa3\login-robot\src\tests\register.robot' on line 4: Non-existing setting 'from entities.user import User'.</msg>
<msg time="2024-11-20T13:17:17.150247" level="ERROR">Error in file 'C:\Users\annik\OneDrive\Belgeler\kurssit\ohjelmistotuotanto\palautus\palautusrepo\osa3\login-robot\src\tests\register.robot' on line 7: Setting 'Test Setup' is allowed only once. Only the first value is used.</msg>
</errors>
</robot>
